<?xml version="1.0" encoding="UTF-8"?>
<testng-results ignored="0" total="1" passed="1" failed="0" skipped="0">
  <reporter-output>
  </reporter-output>
  <suite started-at="2023-05-05T12:10:01 IST" name="Default suite" finished-at="2023-05-05T12:10:05 IST" duration-ms="4298">
    <groups>
    </groups>
    <test started-at="2023-05-05T12:10:01 IST" name="Default test" finished-at="2023-05-05T12:10:05 IST" duration-ms="4298">
      <class name="com.stepdefinition.com.TestingAPI">
        <test-method signature="trigger_test_url_throgh_api()[pri:0, instance:com.stepdefinition.com.TestingAPI@37d4349f]" started-at="2023-05-05T12:10:01 IST" name="trigger_test_url_throgh_api" finished-at="2023-05-05T12:10:05 IST" duration-ms="4253" status="PASS">
          <reporter-output>
          </reporter-output>
        </test-method> <!-- trigger_test_url_throgh_api -->
      </class> <!-- com.stepdefinition.com.TestingAPI -->
    </test> <!-- Default test -->
  </suite> <!-- Default suite -->
</testng-results>
